This is pdfTeX, Version 3.14159265-2.6-1.40.20 (MiKTeX 2.9.6960 64-bit) (preloaded format=pdflatex 2019.2.12)  17 MAR 2019 17:40
entering extended mode
**./Thesis_MarcoBunt2019.tex
(Thesis_MarcoBunt2019.tex
LaTeX2e <2018-12-01>
("C:\Users\602956\AppData\Local\Programs\MiKTeX 2.9\tex/latex/apa6\apa6.cls"
Document Class: apa6 2018/09/01 v2.33 APA formatting (6th edition)
("C:\Users\602956\AppData\Local\Programs\MiKTeX 2.9\tex/latex/base\article.cls"
Document Class: article 2018/09/03 v1.4i Standard LaTeX document class
("C:\Users\602956\AppData\Local\Programs\MiKTeX 2.9\tex/latex/base\size12.clo"
File: size12.clo 2018/09/03 v1.4i Standard LaTeX file (size option)
)
\c@part=\count80
\c@section=\count81
\c@subsection=\count82
\c@subsubsection=\count83
\c@paragraph=\count84
\c@subparagraph=\count85
\c@figure=\count86
\c@table=\count87
\abovecaptionskip=\skip41
\belowcaptionskip=\skip42
\bibindent=\dimen102
)
("C:\Users\602956\AppData\Local\Programs\MiKTeX 2.9\tex/latex/etoolbox\etoolbox
.sty"
Package: etoolbox 2018/08/19 v2.5f e-TeX tools for LaTeX (JAW)
\etb@tempcnta=\count88
)
Class apa6 Info: No bibliography package was specified; defaulting to (but not 
loading) Biblatex on input line 213.
("C:\Users\602956\AppData\Local\Programs\MiKTeX 2.9\tex/latex/lm\lmodern.sty"
Package: lmodern 2009/10/30 v1.6 Latin Modern Fonts
LaTeX Font Info:    Overwriting symbol font `operators' in version `normal'
(Font)                  OT1/cmr/m/n --> OT1/lmr/m/n on input line 22.
LaTeX Font Info:    Overwriting symbol font `letters' in version `normal'
(Font)                  OML/cmm/m/it --> OML/lmm/m/it on input line 23.
LaTeX Font Info:    Overwriting symbol font `symbols' in version `normal'
(Font)                  OMS/cmsy/m/n --> OMS/lmsy/m/n on input line 24.
LaTeX Font Info:    Overwriting symbol font `largesymbols' in version `normal'
(Font)                  OMX/cmex/m/n --> OMX/lmex/m/n on input line 25.
LaTeX Font Info:    Overwriting symbol font `operators' in version `bold'
(Font)                  OT1/cmr/bx/n --> OT1/lmr/bx/n on input line 26.
LaTeX Font Info:    Overwriting symbol font `letters' in version `bold'
(Font)                  OML/cmm/b/it --> OML/lmm/b/it on input line 27.
LaTeX Font Info:    Overwriting symbol font `symbols' in version `bold'
(Font)                  OMS/cmsy/b/n --> OMS/lmsy/b/n on input line 28.
LaTeX Font Info:    Overwriting symbol font `largesymbols' in version `bold'
(Font)                  OMX/cmex/m/n --> OMX/lmex/m/n on input line 29.
LaTeX Font Info:    Overwriting math alphabet `\mathbf' in version `normal'
(Font)                  OT1/cmr/bx/n --> OT1/lmr/bx/n on input line 31.
LaTeX Font Info:    Overwriting math alphabet `\mathsf' in version `normal'
(Font)                  OT1/cmss/m/n --> OT1/lmss/m/n on input line 32.
LaTeX Font Info:    Overwriting math alphabet `\mathit' in version `normal'
(Font)                  OT1/cmr/m/it --> OT1/lmr/m/it on input line 33.
LaTeX Font Info:    Overwriting math alphabet `\mathtt' in version `normal'
(Font)                  OT1/cmtt/m/n --> OT1/lmtt/m/n on input line 34.
LaTeX Font Info:    Overwriting math alphabet `\mathbf' in version `bold'
(Font)                  OT1/cmr/bx/n --> OT1/lmr/bx/n on input line 35.
LaTeX Font Info:    Overwriting math alphabet `\mathsf' in version `bold'
(Font)                  OT1/cmss/bx/n --> OT1/lmss/bx/n on input line 36.
LaTeX Font Info:    Overwriting math alphabet `\mathit' in version `bold'
(Font)                  OT1/cmr/bx/it --> OT1/lmr/bx/it on input line 37.
LaTeX Font Info:    Overwriting math alphabet `\mathtt' in version `bold'
(Font)                  OT1/cmtt/m/n --> OT1/lmtt/m/n on input line 38.
) ("C:\Users\602956\AppData\Local\Programs\MiKTeX 2.9\tex/latex/base\fontenc.st
y"
Package: fontenc 2018/08/11 v2.0j Standard LaTeX package
("C:\Users\602956\AppData\Local\Programs\MiKTeX 2.9\tex/latex/base\t1enc.def"
File: t1enc.def 2018/08/11 v2.0j Standard LaTeX file
LaTeX Font Info:    Redeclaring font encoding T1 on input line 48.
))
("C:\Users\602956\AppData\Local\Programs\MiKTeX 2.9\tex/latex/geometry\geometry
.sty"
Package: geometry 2018/04/16 v5.8 Page Geometry

("C:\Users\602956\AppData\Local\Programs\MiKTeX 2.9\tex/latex/graphics\keyval.s
ty"
Package: keyval 2014/10/28 v1.15 key=value parser (DPC)
\KV@toks@=\toks14
)
("C:\Users\602956\AppData\Local\Programs\MiKTeX 2.9\tex/generic/oberdiek\ifpdf.
sty"
Package: ifpdf 2018/09/07 v3.3 Provides the ifpdf switch
)
("C:\Users\602956\AppData\Local\Programs\MiKTeX 2.9\tex/generic/oberdiek\ifvtex
.sty"
Package: ifvtex 2016/05/16 v1.6 Detect VTeX and its facilities (HO)
Package ifvtex Info: VTeX not detected.
)
("C:\Users\602956\AppData\Local\Programs\MiKTeX 2.9\tex/generic/ifxetex\ifxetex
.sty"
Package: ifxetex 2010/09/12 v0.6 Provides ifxetex conditional
)
\Gm@cnth=\count89
\Gm@cntv=\count90
\c@Gm@tempcnt=\count91
\Gm@bindingoffset=\dimen103
\Gm@wd@mp=\dimen104
\Gm@odd@mp=\dimen105
\Gm@even@mp=\dimen106
\Gm@layoutwidth=\dimen107
\Gm@layoutheight=\dimen108
\Gm@layouthoffset=\dimen109
\Gm@layoutvoffset=\dimen110
\Gm@dimlist=\toks15

("C:\Users\602956\AppData\Local\Programs\MiKTeX 2.9\tex/latex/geometry\geometry
.cfg"))
("C:\Users\602956\AppData\Local\Programs\MiKTeX 2.9\tex/latex/graphics\graphicx
.sty"
Package: graphicx 2017/06/01 v1.1a Enhanced LaTeX Graphics (DPC,SPQR)

("C:\Users\602956\AppData\Local\Programs\MiKTeX 2.9\tex/latex/graphics\graphics
.sty"
Package: graphics 2017/06/25 v1.2c Standard LaTeX Graphics (DPC,SPQR)
("C:\Users\602956\AppData\Local\Programs\MiKTeX 2.9\tex/latex/graphics\trig.sty
"
Package: trig 2016/01/03 v1.10 sin cos tan (DPC)
)
("C:\Users\602956\AppData\Local\Programs\MiKTeX 2.9\tex/latex/graphics-cfg\grap
hics.cfg"
File: graphics.cfg 2016/06/04 v1.11 sample graphics configuration
)
Package graphics Info: Driver file: pdftex.def on input line 99.

("C:\Users\602956\AppData\Local\Programs\MiKTeX 2.9\tex/latex/graphics-def\pdft
ex.def"
File: pdftex.def 2018/01/08 v1.0l Graphics/color driver for pdftex
))
\Gin@req@height=\dimen111
\Gin@req@width=\dimen112
)
("C:\Users\602956\AppData\Local\Programs\MiKTeX 2.9\tex/latex/booktabs\booktabs
.sty"
Package: booktabs 2005/04/14 v1.61803 publication quality tables
\heavyrulewidth=\dimen113
\lightrulewidth=\dimen114
\cmidrulewidth=\dimen115
\belowrulesep=\dimen116
\belowbottomsep=\dimen117
\aboverulesep=\dimen118
\abovetopsep=\dimen119
\cmidrulesep=\dimen120
\cmidrulekern=\dimen121
\defaultaddspace=\dimen122
\@cmidla=\count92
\@cmidlb=\count93
\@aboverulesep=\dimen123
\@belowrulesep=\dimen124
\@thisruleclass=\count94
\@lastruleclass=\count95
\@thisrulewidth=\dimen125
)
("C:\Users\602956\AppData\Local\Programs\MiKTeX 2.9\tex/latex/threeparttable\th
reeparttable.sty"
Package: threeparttable 2003/06/13  v 3.0
\@tempboxb=\box27
)
\b@level@one@skip=\skip43
\e@level@one@skip=\skip44
\b@level@two@skip=\skip45
\e@level@two@skip=\skip46
\b@level@three@skip=\skip47
\e@level@three@skip=\skip48
\b@level@four@skip=\skip49
\e@level@four@skip=\skip50
\b@level@five@skip=\skip51
\e@level@five@skip=\skip52

("C:\Users\602956\AppData\Local\Programs\MiKTeX 2.9\tex/latex/caption\caption.s
ty"
Package: caption 2018/10/06 v3.3-154 Customizing captions (AR)

("C:\Users\602956\AppData\Local\Programs\MiKTeX 2.9\tex/latex/caption\caption3.
sty"
Package: caption3 2018/09/12 v1.8c caption3 kernel (AR)
Package caption3 Info: TeX engine: e-TeX on input line 64.
\captionmargin=\dimen126
\captionmargin@=\dimen127
\captionwidth=\dimen128
\caption@tempdima=\dimen129
\caption@indent=\dimen130
\caption@parindent=\dimen131
\caption@hangindent=\dimen132
)
\c@caption@flags=\count96
\c@ContinuedFloat=\count97
Package caption Info: threeparttable package is loaded.
)
\c@APAenum=\count98
\@text@par@indent=\skip53
\gr@box=\box28
\gr@boxwidth=\skip54
\gr@boxheight=\skip55
("C:\Users\602956\AppData\Local\Programs\MiKTeX 2.9\tex/latex/tools\bm.sty"
Package: bm 2017/01/16 v1.2c Bold Symbol Support (DPC/FMi)
\symboldoperators=\mathgroup4
\symboldletters=\mathgroup5
\symboldsymbols=\mathgroup6
LaTeX Font Info:    Redeclaring math alphabet \mathbf on input line 141.
LaTeX Info: Redefining \bm on input line 207.
)
\c@appendix=\count99

("C:\Users\602956\AppData\Local\Programs\MiKTeX 2.9\tex/latex/fancyhdr\fancyhdr
.sty"
Package: fancyhdr 2019/01/31 v3.10 Extensive control of page headers and footer
s
\f@nch@headwidth=\skip56
\f@nch@O@elh=\skip57
\f@nch@O@erh=\skip58
\f@nch@O@olh=\skip59
\f@nch@O@orh=\skip60
\f@nch@O@elf=\skip61
\f@nch@O@erf=\skip62
\f@nch@O@olf=\skip63
\f@nch@O@orf=\skip64
)
("C:\Users\602956\AppData\Local\Programs\MiKTeX 2.9\tex/latex/endfloat\endfloat
.sty"
Package: endfloat 2018/03/24 v2.6 LaTeX2e package puts figures and tables at en
d (jdm)
\c@posttable=\count100
\efloat@postttt=\write3
\@ef@tttopen=\count101
\c@postfigure=\count102
\efloat@postfff=\write4
\@ef@fffopen=\count103
) ("C:\Users\602956\AppData\Local\Programs\MiKTeX 2.9\tex/latex/float\float.sty
"
Package: float 2001/11/08 v1.3d Float enhancements (AL)
\c@float@type=\count104
\float@exts=\toks16
\float@box=\box29
\@float@everytoks=\toks17
\@floatcapt=\box30
))
("C:\Users\602956\AppData\Local\Programs\MiKTeX 2.9\tex/latex/amsfonts\amssymb.
sty"
Package: amssymb 2013/01/14 v3.01 AMS font symbols

("C:\Users\602956\AppData\Local\Programs\MiKTeX 2.9\tex/latex/amsfonts\amsfonts
.sty"
Package: amsfonts 2013/01/14 v3.01 Basic AMSFonts support
\@emptytoks=\toks18
\symAMSa=\mathgroup7
\symAMSb=\mathgroup8
LaTeX Font Info:    Overwriting math alphabet `\mathfrak' in version `bold'
(Font)                  U/euf/m/n --> U/euf/b/n on input line 106.
))
("C:\Users\602956\AppData\Local\Programs\MiKTeX 2.9\tex/latex/amsmath\amsmath.s
ty"
Package: amsmath 2018/12/01 v2.17b AMS math features
\@mathmargin=\skip65
For additional information on amsmath, use the `?' option.

("C:\Users\602956\AppData\Local\Programs\MiKTeX 2.9\tex/latex/amsmath\amstext.s
ty"
Package: amstext 2000/06/29 v2.01 AMS text

("C:\Users\602956\AppData\Local\Programs\MiKTeX 2.9\tex/latex/amsmath\amsgen.st
y"
File: amsgen.sty 1999/11/30 v2.0 generic functions
\@emptytoks=\toks19
\ex@=\dimen133
))
("C:\Users\602956\AppData\Local\Programs\MiKTeX 2.9\tex/latex/amsmath\amsbsy.st
y"
Package: amsbsy 1999/11/29 v1.2d Bold Symbols
LaTeX Info: Redefining \boldsymbol on input line 28.
\pmbraise@=\dimen134
)
("C:\Users\602956\AppData\Local\Programs\MiKTeX 2.9\tex/latex/amsmath\amsopn.st
y"
Package: amsopn 2016/03/08 v2.02 operator names
)
\inf@bad=\count105
LaTeX Info: Redefining \frac on input line 223.
\uproot@=\count106
\leftroot@=\count107
LaTeX Info: Redefining \overline on input line 385.
\classnum@=\count108
\DOTSCASE@=\count109
LaTeX Info: Redefining \ldots on input line 482.
LaTeX Info: Redefining \dots on input line 485.
LaTeX Info: Redefining \cdots on input line 606.
\Mathstrutbox@=\box31
\strutbox@=\box32
\big@size=\dimen135
LaTeX Font Info:    Redeclaring font encoding OML on input line 729.
LaTeX Font Info:    Redeclaring font encoding OMS on input line 730.
\macc@depth=\count110
\c@MaxMatrixCols=\count111
\dotsspace@=\muskip10
\c@parentequation=\count112
\dspbrk@lvl=\count113
\tag@help=\toks20
\row@=\count114
\column@=\count115
\maxfields@=\count116
\andhelp@=\toks21
\eqnshift@=\dimen136
\alignsep@=\dimen137
\tagshift@=\dimen138
\tagwidth@=\dimen139
\totwidth@=\dimen140
\lineht@=\dimen141
\@envbody=\toks22
\multlinegap=\skip66
\multlinetaggap=\skip67
\mathdisplay@stack=\toks23
LaTeX Info: Redefining \[ on input line 2844.
LaTeX Info: Redefining \] on input line 2845.
)
("C:\Users\602956\AppData\Local\Programs\MiKTeX 2.9\tex/generic/oberdiek\ifluat
ex.sty"
Package: ifluatex 2016/05/16 v1.4 Provides the ifluatex switch (HO)
Package ifluatex Info: LuaTeX not detected.
) ("C:\Users\602956\AppData\Local\Programs\MiKTeX 2.9\tex/latex/base\fixltx2e.s
ty"
Package: fixltx2e 2016/12/29 v2.1a fixes to LaTeX (obsolete)
Applying: [2015/01/01] Old fixltx2e package on input line 46.

Package fixltx2e Warning: fixltx2e is not required with releases after 2015
(fixltx2e)                All fixes are now in the LaTeX kernel.
(fixltx2e)                See the latexrelease package for details.

Already applied: [0000/00/00] Old fixltx2e package on input line 53.
) ("C:\Users\602956\AppData\Local\Programs\MiKTeX 2.9\tex/latex/base\fontenc.st
y"
Package: fontenc 2018/08/11 v2.0j Standard LaTeX package
("C:\Users\602956\AppData\Local\Programs\MiKTeX 2.9\tex/latex/base\t1enc.def"
File: t1enc.def 2018/08/11 v2.0j Standard LaTeX file
LaTeX Font Info:    Redeclaring font encoding T1 on input line 48.
)) ("C:\Users\602956\AppData\Local\Programs\MiKTeX 2.9\tex/latex/base\inputenc.
sty"
Package: inputenc 2018/08/11 v1.3c Input encoding file
\inpenc@prehook=\toks24
\inpenc@posthook=\toks25
)
("C:\Users\602956\AppData\Local\Programs\MiKTeX 2.9\tex/latex/upquote\upquote.s
ty"
Package: upquote 2012/04/19 v1.3 upright-quote and grave-accent glyphs in verba
tim
("C:\Users\602956\AppData\Local\Programs\MiKTeX 2.9\tex/latex/base\textcomp.sty
"
Package: textcomp 2018/08/11 v2.0j Standard LaTeX package
Package textcomp Info: Sub-encoding information:
(textcomp)               5 = only ISO-Adobe without \textcurrency
(textcomp)               4 = 5 + \texteuro
(textcomp)               3 = 4 + \textohm
(textcomp)               2 = 3 + \textestimated + \textcurrency
(textcomp)               1 = TS1 - \textcircled - \t
(textcomp)               0 = TS1 (full)
(textcomp)             Font families with sub-encoding setting implement
(textcomp)             only a restricted character set as indicated.
(textcomp)             Family '?' is the default used for unknown fonts.
(textcomp)             See the documentation for details.
Package textcomp Info: Setting ? sub-encoding to TS1/1 on input line 79.
("C:\Users\602956\AppData\Local\Programs\MiKTeX 2.9\tex/latex/base\ts1enc.def"
File: ts1enc.def 2001/06/05 v3.0e (jk/car/fm) Standard LaTeX file
Now handling font encoding TS1 ...
... processing UTF-8 mapping file for font encoding TS1
("C:\Users\602956\AppData\Local\Programs\MiKTeX 2.9\tex/latex/base\ts1enc.dfu"
File: ts1enc.dfu 2018/10/05 v1.2f UTF-8 support for inputenc
   defining Unicode char U+00A2 (decimal 162)
   defining Unicode char U+00A3 (decimal 163)
   defining Unicode char U+00A4 (decimal 164)
   defining Unicode char U+00A5 (decimal 165)
   defining Unicode char U+00A6 (decimal 166)
   defining Unicode char U+00A7 (decimal 167)
   defining Unicode char U+00A8 (decimal 168)
   defining Unicode char U+00A9 (decimal 169)
   defining Unicode char U+00AA (decimal 170)
   defining Unicode char U+00AC (decimal 172)
   defining Unicode char U+00AE (decimal 174)
   defining Unicode char U+00AF (decimal 175)
   defining Unicode char U+00B0 (decimal 176)
   defining Unicode char U+00B1 (decimal 177)
   defining Unicode char U+00B2 (decimal 178)
   defining Unicode char U+00B3 (decimal 179)
   defining Unicode char U+00B4 (decimal 180)
   defining Unicode char U+00B5 (decimal 181)
   defining Unicode char U+00B6 (decimal 182)
   defining Unicode char U+00B7 (decimal 183)
   defining Unicode char U+00B9 (decimal 185)
   defining Unicode char U+00BA (decimal 186)
   defining Unicode char U+00BC (decimal 188)
   defining Unicode char U+00BD (decimal 189)
   defining Unicode char U+00BE (decimal 190)
   defining Unicode char U+00D7 (decimal 215)
   defining Unicode char U+00F7 (decimal 247)
   defining Unicode char U+0192 (decimal 402)
   defining Unicode char U+02C7 (decimal 711)
   defining Unicode char U+02D8 (decimal 728)
   defining Unicode char U+02DD (decimal 733)
   defining Unicode char U+0E3F (decimal 3647)
   defining Unicode char U+2016 (decimal 8214)
   defining Unicode char U+2020 (decimal 8224)
   defining Unicode char U+2021 (decimal 8225)
   defining Unicode char U+2022 (decimal 8226)
   defining Unicode char U+2030 (decimal 8240)
   defining Unicode char U+2031 (decimal 8241)
   defining Unicode char U+203B (decimal 8251)
   defining Unicode char U+203D (decimal 8253)
   defining Unicode char U+2044 (decimal 8260)
   defining Unicode char U+204E (decimal 8270)
   defining Unicode char U+2052 (decimal 8274)
   defining Unicode char U+20A1 (decimal 8353)
   defining Unicode char U+20A4 (decimal 8356)
   defining Unicode char U+20A6 (decimal 8358)
   defining Unicode char U+20A9 (decimal 8361)
   defining Unicode char U+20AB (decimal 8363)
   defining Unicode char U+20AC (decimal 8364)
   defining Unicode char U+20B1 (decimal 8369)
   defining Unicode char U+2103 (decimal 8451)
   defining Unicode char U+2116 (decimal 8470)
   defining Unicode char U+2117 (decimal 8471)
   defining Unicode char U+211E (decimal 8478)
   defining Unicode char U+2120 (decimal 8480)
   defining Unicode char U+2122 (decimal 8482)
   defining Unicode char U+2126 (decimal 8486)
   defining Unicode char U+2127 (decimal 8487)
   defining Unicode char U+212E (decimal 8494)
   defining Unicode char U+2190 (decimal 8592)
   defining Unicode char U+2191 (decimal 8593)
   defining Unicode char U+2192 (decimal 8594)
   defining Unicode char U+2193 (decimal 8595)
   defining Unicode char U+2329 (decimal 9001)
   defining Unicode char U+232A (decimal 9002)
   defining Unicode char U+2422 (decimal 9250)
   defining Unicode char U+25E6 (decimal 9702)
   defining Unicode char U+25EF (decimal 9711)
   defining Unicode char U+266A (decimal 9834)
   defining Unicode char U+FEFF (decimal 65279)
))
LaTeX Info: Redefining \oldstylenums on input line 334.
Package textcomp Info: Setting cmr sub-encoding to TS1/0 on input line 349.
Package textcomp Info: Setting cmss sub-encoding to TS1/0 on input line 350.
Package textcomp Info: Setting cmtt sub-encoding to TS1/0 on input line 351.
Package textcomp Info: Setting cmvtt sub-encoding to TS1/0 on input line 352.
Package textcomp Info: Setting cmbr sub-encoding to TS1/0 on input line 353.
Package textcomp Info: Setting cmtl sub-encoding to TS1/0 on input line 354.
Package textcomp Info: Setting ccr sub-encoding to TS1/0 on input line 355.
Package textcomp Info: Setting ptm sub-encoding to TS1/4 on input line 356.
Package textcomp Info: Setting pcr sub-encoding to TS1/4 on input line 357.
Package textcomp Info: Setting phv sub-encoding to TS1/4 on input line 358.
Package textcomp Info: Setting ppl sub-encoding to TS1/3 on input line 359.
Package textcomp Info: Setting pag sub-encoding to TS1/4 on input line 360.
Package textcomp Info: Setting pbk sub-encoding to TS1/4 on input line 361.
Package textcomp Info: Setting pnc sub-encoding to TS1/4 on input line 362.
Package textcomp Info: Setting pzc sub-encoding to TS1/4 on input line 363.
Package textcomp Info: Setting bch sub-encoding to TS1/4 on input line 364.
Package textcomp Info: Setting put sub-encoding to TS1/5 on input line 365.
Package textcomp Info: Setting uag sub-encoding to TS1/5 on input line 366.
Package textcomp Info: Setting ugq sub-encoding to TS1/5 on input line 367.
Package textcomp Info: Setting ul8 sub-encoding to TS1/4 on input line 368.
Package textcomp Info: Setting ul9 sub-encoding to TS1/4 on input line 369.
Package textcomp Info: Setting augie sub-encoding to TS1/5 on input line 370.
Package textcomp Info: Setting dayrom sub-encoding to TS1/3 on input line 371.
Package textcomp Info: Setting dayroms sub-encoding to TS1/3 on input line 372.

Package textcomp Info: Setting pxr sub-encoding to TS1/0 on input line 373.
Package textcomp Info: Setting pxss sub-encoding to TS1/0 on input line 374.
Package textcomp Info: Setting pxtt sub-encoding to TS1/0 on input line 375.
Package textcomp Info: Setting txr sub-encoding to TS1/0 on input line 376.
Package textcomp Info: Setting txss sub-encoding to TS1/0 on input line 377.
Package textcomp Info: Setting txtt sub-encoding to TS1/0 on input line 378.
Package textcomp Info: Setting lmr sub-encoding to TS1/0 on input line 379.
Package textcomp Info: Setting lmdh sub-encoding to TS1/0 on input line 380.
Package textcomp Info: Setting lmss sub-encoding to TS1/0 on input line 381.
Package textcomp Info: Setting lmssq sub-encoding to TS1/0 on input line 382.
Package textcomp Info: Setting lmvtt sub-encoding to TS1/0 on input line 383.
Package textcomp Info: Setting lmtt sub-encoding to TS1/0 on input line 384.
Package textcomp Info: Setting qhv sub-encoding to TS1/0 on input line 385.
Package textcomp Info: Setting qag sub-encoding to TS1/0 on input line 386.
Package textcomp Info: Setting qbk sub-encoding to TS1/0 on input line 387.
Package textcomp Info: Setting qcr sub-encoding to TS1/0 on input line 388.
Package textcomp Info: Setting qcs sub-encoding to TS1/0 on input line 389.
Package textcomp Info: Setting qpl sub-encoding to TS1/0 on input line 390.
Package textcomp Info: Setting qtm sub-encoding to TS1/0 on input line 391.
Package textcomp Info: Setting qzc sub-encoding to TS1/0 on input line 392.
Package textcomp Info: Setting qhvc sub-encoding to TS1/0 on input line 393.
Package textcomp Info: Setting futs sub-encoding to TS1/4 on input line 394.
Package textcomp Info: Setting futx sub-encoding to TS1/4 on input line 395.
Package textcomp Info: Setting futj sub-encoding to TS1/4 on input line 396.
Package textcomp Info: Setting hlh sub-encoding to TS1/3 on input line 397.
Package textcomp Info: Setting hls sub-encoding to TS1/3 on input line 398.
Package textcomp Info: Setting hlst sub-encoding to TS1/3 on input line 399.
Package textcomp Info: Setting hlct sub-encoding to TS1/5 on input line 400.
Package textcomp Info: Setting hlx sub-encoding to TS1/5 on input line 401.
Package textcomp Info: Setting hlce sub-encoding to TS1/5 on input line 402.
Package textcomp Info: Setting hlcn sub-encoding to TS1/5 on input line 403.
Package textcomp Info: Setting hlcw sub-encoding to TS1/5 on input line 404.
Package textcomp Info: Setting hlcf sub-encoding to TS1/5 on input line 405.
Package textcomp Info: Setting pplx sub-encoding to TS1/3 on input line 406.
Package textcomp Info: Setting pplj sub-encoding to TS1/3 on input line 407.
Package textcomp Info: Setting ptmx sub-encoding to TS1/4 on input line 408.
Package textcomp Info: Setting ptmj sub-encoding to TS1/4 on input line 409.
))
("C:\Users\602956\AppData\Local\Programs\MiKTeX 2.9\tex/latex/microtype\microty
pe.sty"
Package: microtype 2018/01/14 v2.7a Micro-typographical refinements (RS)
\MT@toks=\toks26
\MT@count=\count117
LaTeX Info: Redefining \textls on input line 793.
\MT@outer@kern=\dimen142
LaTeX Info: Redefining \textmicrotypecontext on input line 1339.
\MT@listname@count=\count118

("C:\Users\602956\AppData\Local\Programs\MiKTeX 2.9\tex/latex/microtype\microty
pe-pdftex.def"
File: microtype-pdftex.def 2018/01/14 v2.7a Definitions specific to pdftex (RS)

LaTeX Info: Redefining \lsstyle on input line 913.
LaTeX Info: Redefining \lslig on input line 913.
\MT@outer@space=\skip68
)
Package microtype Info: Loading configuration file microtype.cfg.

("C:\Users\602956\AppData\Local\Programs\MiKTeX 2.9\tex/latex/microtype\microty
pe.cfg"
File: microtype.cfg 2018/01/14 v2.7a microtype main configuration file (RS)
))
("C:\Users\602956\AppData\Local\Programs\MiKTeX 2.9\tex/latex/hyperref\hyperref
.sty"
Package: hyperref 2018/11/30 v6.88e Hypertext links for LaTeX

("C:\Users\602956\AppData\Local\Programs\MiKTeX 2.9\tex/generic/oberdiek\hobsub
-hyperref.sty"
Package: hobsub-hyperref 2016/05/16 v1.14 Bundle oberdiek, subset hyperref (HO)


("C:\Users\602956\AppData\Local\Programs\MiKTeX 2.9\tex/generic/oberdiek\hobsub
-generic.sty"
Package: hobsub-generic 2016/05/16 v1.14 Bundle oberdiek, subset generic (HO)
Package: hobsub 2016/05/16 v1.14 Construct package bundles (HO)
Package: infwarerr 2016/05/16 v1.4 Providing info/warning/error messages (HO)
Package: ltxcmds 2016/05/16 v1.23 LaTeX kernel commands for general use (HO)
Package hobsub Info: Skipping package `ifluatex' (already loaded).
Package hobsub Info: Skipping package `ifvtex' (already loaded).
Package: intcalc 2016/05/16 v1.2 Expandable calculations with integers (HO)
Package hobsub Info: Skipping package `ifpdf' (already loaded).
Package: etexcmds 2016/05/16 v1.6 Avoid name clashes with e-TeX commands (HO)
Package: kvsetkeys 2016/05/16 v1.17 Key value parser (HO)
Package: kvdefinekeys 2016/05/16 v1.4 Define keys (HO)
Package: pdftexcmds 2018/09/10 v0.29 Utility functions of pdfTeX for LuaTeX (HO
)
Package pdftexcmds Info: LuaTeX not detected.
Package pdftexcmds Info: \pdf@primitive is available.
Package pdftexcmds Info: \pdf@ifprimitive is available.
Package pdftexcmds Info: \pdfdraftmode found.
Package: pdfescape 2016/05/16 v1.14 Implements pdfTeX's escape features (HO)
Package: bigintcalc 2016/05/16 v1.4 Expandable calculations on big integers (HO
)
Package: bitset 2016/05/16 v1.2 Handle bit-vector datatype (HO)
Package: uniquecounter 2016/05/16 v1.3 Provide unlimited unique counter (HO)
)
Package hobsub Info: Skipping package `hobsub' (already loaded).
Package: letltxmacro 2016/05/16 v1.5 Let assignment for LaTeX macros (HO)
Package: hopatch 2016/05/16 v1.3 Wrapper for package hooks (HO)
Package: xcolor-patch 2016/05/16 xcolor patch
Package: atveryend 2016/05/16 v1.9 Hooks at the very end of document (HO)
Package: atbegshi 2016/06/09 v1.18 At begin shipout hook (HO)
Package: refcount 2016/05/16 v3.5 Data extraction from label references (HO)
Package: hycolor 2016/05/16 v1.8 Color options for hyperref/bookmark (HO)
)
("C:\Users\602956\AppData\Local\Programs\MiKTeX 2.9\tex/latex/oberdiek\auxhook.
sty"
Package: auxhook 2016/05/16 v1.4 Hooks for auxiliary files (HO)
)
("C:\Users\602956\AppData\Local\Programs\MiKTeX 2.9\tex/latex/oberdiek\kvoption
s.sty"
Package: kvoptions 2016/05/16 v3.12 Key value format for package options (HO)
)
\@linkdim=\dimen143
\Hy@linkcounter=\count119
\Hy@pagecounter=\count120

("C:\Users\602956\AppData\Local\Programs\MiKTeX 2.9\tex/latex/hyperref\pd1enc.d
ef"
File: pd1enc.def 2018/11/30 v6.88e Hyperref: PDFDocEncoding definition (HO)
Now handling font encoding PD1 ...
... no UTF-8 mapping file for font encoding PD1
)
\Hy@SavedSpaceFactor=\count121

("C:\Users\602956\AppData\Local\Programs\MiKTeX 2.9\tex/latex/00miktex\hyperref
.cfg"
File: hyperref.cfg 2002/06/06 v1.2 hyperref configuration of TeXLive
)
Package hyperref Info: Hyper figures OFF on input line 4519.
Package hyperref Info: Link nesting OFF on input line 4524.
Package hyperref Info: Hyper index ON on input line 4527.
Package hyperref Info: Plain pages OFF on input line 4534.
Package hyperref Info: Backreferencing OFF on input line 4539.
Package hyperref Info: Implicit mode ON; LaTeX internals redefined.
Package hyperref Info: Bookmarks ON on input line 4772.
\c@Hy@tempcnt=\count122
("C:\Users\602956\AppData\Local\Programs\MiKTeX 2.9\tex/latex/url\url.sty"
\Urlmuskip=\muskip11
Package: url 2013/09/16  ver 3.4  Verb mode for urls, etc.
)
LaTeX Info: Redefining \url on input line 5125.
\XeTeXLinkMargin=\dimen144
\Fld@menulength=\count123
\Field@Width=\dimen145
\Fld@charsize=\dimen146
Package hyperref Info: Hyper figures OFF on input line 6380.
Package hyperref Info: Link nesting OFF on input line 6385.
Package hyperref Info: Hyper index ON on input line 6388.
Package hyperref Info: backreferencing OFF on input line 6395.
Package hyperref Info: Link coloring OFF on input line 6400.
Package hyperref Info: Link coloring with OCG OFF on input line 6405.
Package hyperref Info: PDF/A mode OFF on input line 6410.
LaTeX Info: Redefining \ref on input line 6450.
LaTeX Info: Redefining \pageref on input line 6454.
\Hy@abspage=\count124
\c@Item=\count125
\c@Hfootnote=\count126
)
Package hyperref Info: Driver (autodetected): hpdftex.

("C:\Users\602956\AppData\Local\Programs\MiKTeX 2.9\tex/latex/hyperref\hpdftex.
def"
File: hpdftex.def 2018/11/30 v6.88e Hyperref driver for pdfTeX
\Fld@listcount=\count127
\c@bookmark@seq@number=\count128

("C:\Users\602956\AppData\Local\Programs\MiKTeX 2.9\tex/latex/oberdiek\rerunfil
echeck.sty"
Package: rerunfilecheck 2016/05/16 v1.8 Rerun checks for auxiliary files (HO)
Package uniquecounter Info: New unique counter `rerunfilecheck' on input line 2
82.
)
\Hy@SectionHShift=\skip69
)
Package hyperref Info: Option `unicode' set `true' on input line 35.

("C:\Users\602956\AppData\Local\Programs\MiKTeX 2.9\tex/latex/hyperref\puenc.de
f"
File: puenc.def 2018/11/30 v6.88e Hyperref: PDF Unicode definition (HO)
Now handling font encoding PU ...
... no UTF-8 mapping file for font encoding PU
)
Package hyperref Info: Option `colorlinks' set `true' on input line 35.
Package hyperref Info: Option `breaklinks' set `true' on input line 35.

("C:\Users\602956\AppData\Local\Programs\MiKTeX 2.9\tex/latex/oberdiek\grffile.
sty"
Package: grffile 2017/06/30 v1.18 Extended file name support for graphics (HO)
Package grffile Info: Option `multidot' is set to `true'.
Package grffile Info: Option `extendedchars' is set to `false'.
Package grffile Info: Option `space' is set to `true'.
Package grffile Info: \Gin@ii of package `graphicx' fixed on input line 494.
)
("C:\Users\602956\AppData\Local\Programs\MiKTeX 2.9\tex/latex/parskip\parskip.s
ty"
Package: parskip 2019-01-16 v2.0c non-zero parskip adjustments
)
("C:\Users\602956\AppData\Local\Programs\MiKTeX 2.9\tex/latex/csquotes\csquotes
.sty"
Package: csquotes 2018/04/13 v5.2d context-sensitive quotations (JAW)
\csq@reset=\count129
\csq@gtype=\count130
\csq@glevel=\count131
\csq@qlevel=\count132
\csq@maxlvl=\count133
\csq@tshold=\count134
\csq@ltx@everypar=\toks27

("C:\Users\602956\AppData\Local\Programs\MiKTeX 2.9\tex/latex/csquotes\csquotes
.def"
File: csquotes.def 2018/04/13 v5.2d csquotes generic definitions (JAW)
)
Package csquotes Info: Trying to load configuration file 'csquotes.cfg'...
Package csquotes Info: ... configuration file loaded successfully.

("C:\Users\602956\AppData\Local\Programs\MiKTeX 2.9\tex/latex/csquotes\csquotes
.cfg"
File: csquotes.cfg 
)) ("C:\Users\602956\AppData\Local\Programs\MiKTeX 2.9\tex/latex/was\upgreek.st
y"
Package: upgreek 2003/02/12 v2.0 (WaS)
Package upgreek Info: Using Euler Roman for upright Greek on input line 31.
\symugrf@m=\mathgroup9
LaTeX Font Info:    Overwriting symbol font `ugrf@m' in version `bold'
(Font)                  U/eur/m/n --> U/eur/b/n on input line 38.
)
("C:\Users\602956\AppData\Local\Programs\MiKTeX 2.9\tex/latex/tools\longtable.s
ty"
Package: longtable 2014/10/28 v4.11 Multi-page Table package (DPC)+ FMi change
\LTleft=\skip70
\LTright=\skip71
\LTpre=\skip72
\LTpost=\skip73
\LTchunksize=\count135
\LTcapwidth=\dimen147
\LT@head=\box33
\LT@firsthead=\box34
\LT@foot=\box35
\LT@lastfoot=\box36
\LT@cols=\count136
\LT@rows=\count137
\c@LT@tables=\count138
\c@LT@chunks=\count139
\LT@p@ftn=\toks28
)
("C:\Users\602956\AppData\Local\Programs\MiKTeX 2.9\tex/latex/graphics\lscape.s
ty"
Package: lscape 2000/10/22 v3.01 Landscape Pages (DPC)
)
("C:\Users\602956\AppData\Local\Programs\MiKTeX 2.9\tex/latex/multirow\multirow
.sty"
Package: multirow 2019/01/01 v2.4 Span multiple rows of a table
\multirow@colwidth=\skip74
\multirow@cntb=\count140
\multirow@dima=\skip75
\bigstrutjot=\dimen148
)
("C:\Users\602956\AppData\Local\Programs\MiKTeX 2.9\tex/latex/tools\tabularx.st
y"
Package: tabularx 2016/02/03 v2.11b `tabularx' package (DPC)
("C:\Users\602956\AppData\Local\Programs\MiKTeX 2.9\tex/latex/tools\array.sty"
Package: array 2018/12/30 v2.4k Tabular extension package (FMi)
\col@sep=\dimen149
\ar@mcellbox=\box37
\extrarowheight=\dimen150
\NC@list=\toks29
\extratabsurround=\skip76
\backup@length=\skip77
\ar@cellbox=\box38
)
\TX@col@width=\dimen151
\TX@old@table=\dimen152
\TX@old@col=\dimen153
\TX@target=\dimen154
\TX@delta=\dimen155
\TX@cols=\count141
\TX@ftn=\toks30
)
("C:\Users\602956\AppData\Local\Programs\MiKTeX 2.9\tex/latex/threeparttablex\t
hreeparttablex.sty"
Package: threeparttablex 2013/07/23 v0.3 by daleif

("C:\Users\602956\AppData\Local\Programs\MiKTeX 2.9\tex/latex/environ\environ.s
ty"
Package: environ 2014/05/04 v0.3 A new way to define environments

("C:\Users\602956\AppData\Local\Programs\MiKTeX 2.9\tex/latex/trimspaces\trimsp
aces.sty"
Package: trimspaces 2009/09/17 v1.1 Trim spaces around a token list
))
\TPTL@width=\skip78
)
\longtablewidth=\skip79

("C:\Users\602956\AppData\Local\Programs\MiKTeX 2.9\tex/latex/tocloft\tocloft.s
ty"
Package: tocloft 2017/08/31 v2.3i parameterised ToC, etc., typesetting
Package tocloft Info: The document has section divisions on input line 51.
\cftparskip=\skip80
\cftbeforetoctitleskip=\skip81
\cftaftertoctitleskip=\skip82
\cftbeforepartskip=\skip83
\cftpartnumwidth=\skip84
\cftpartindent=\skip85
\cftbeforesecskip=\skip86
\cftsecindent=\skip87
\cftsecnumwidth=\skip88
\cftbeforesubsecskip=\skip89
\cftsubsecindent=\skip90
\cftsubsecnumwidth=\skip91
\cftbeforesubsubsecskip=\skip92
\cftsubsubsecindent=\skip93
\cftsubsubsecnumwidth=\skip94
\cftbeforeparaskip=\skip95
\cftparaindent=\skip96
\cftparanumwidth=\skip97
\cftbeforesubparaskip=\skip98
\cftsubparaindent=\skip99
\cftsubparanumwidth=\skip100
\cftbeforeloftitleskip=\skip101
\cftafterloftitleskip=\skip102
\cftbeforefigskip=\skip103
\cftfigindent=\skip104
\cftfignumwidth=\skip105
\c@lofdepth=\count142
\c@lotdepth=\count143
\cftbeforelottitleskip=\skip106
\cftafterlottitleskip=\skip107
\cftbeforetabskip=\skip108
\cfttabindent=\skip109
\cfttabnumwidth=\skip110

Package tocloft Warning: \@starttoc has already been redefined; tocloft bailing
 out. on input line 1147.

)
Package csquotes Info: Checking for multilingual support...
Package csquotes Info: ... none found.
(Thesis_MarcoBunt2019.aux)
\openout1 = `Thesis_MarcoBunt2019.aux'.

LaTeX Font Info:    Checking defaults for OML/cmm/m/it on input line 130.
LaTeX Font Info:    ... okay on input line 130.
LaTeX Font Info:    Checking defaults for T1/cmr/m/n on input line 130.
LaTeX Font Info:    ... okay on input line 130.
LaTeX Font Info:    Checking defaults for OT1/cmr/m/n on input line 130.
LaTeX Font Info:    ... okay on input line 130.
LaTeX Font Info:    Checking defaults for OMS/cmsy/m/n on input line 130.
LaTeX Font Info:    ... okay on input line 130.
LaTeX Font Info:    Checking defaults for OMX/cmex/m/n on input line 130.
LaTeX Font Info:    ... okay on input line 130.
LaTeX Font Info:    Checking defaults for U/cmr/m/n on input line 130.
LaTeX Font Info:    ... okay on input line 130.
LaTeX Font Info:    Checking defaults for TS1/cmr/m/n on input line 130.
LaTeX Font Info:    Try loading font information for TS1+cmr on input line 130.

("C:\Users\602956\AppData\Local\Programs\MiKTeX 2.9\tex/latex/base\ts1cmr.fd"
File: ts1cmr.fd 2014/09/29 v2.5h Standard LaTeX font definitions
)
LaTeX Font Info:    ... okay on input line 130.
LaTeX Font Info:    Checking defaults for PD1/pdf/m/n on input line 130.
LaTeX Font Info:    ... okay on input line 130.
LaTeX Font Info:    Checking defaults for PU/pdf/m/n on input line 130.
LaTeX Font Info:    ... okay on input line 130.
LaTeX Font Info:    Try loading font information for T1+lmr on input line 130.
("C:\Users\602956\AppData\Local\Programs\MiKTeX 2.9\tex/latex/lm\t1lmr.fd"
File: t1lmr.fd 2009/10/30 v1.6 Font defs for Latin Modern
)
*geometry* driver: auto-detecting
*geometry* detected driver: pdftex
*geometry* verbose mode - [ preamble ] result:
* driver: pdftex
* paper: <default>
* layout: <same size as paper>
* layoutoffset:(h,v)=(0.0pt,0.0pt)
* modes: twoside 
* h-part:(L,W,R)=(72.26999pt, 469.75502pt, 72.26999pt)
* v-part:(T,H,B)=(72.26999pt, 650.43001pt, 72.26999pt)
* \paperwidth=614.295pt
* \paperheight=794.96999pt
* \textwidth=469.75502pt
* \textheight=650.43001pt
* \oddsidemargin=0.0pt
* \evensidemargin=0.0pt
* \topmargin=-37.0pt
* \headheight=15.2pt
* \headsep=25.0pt
* \topskip=12.0pt
* \footskip=30.0pt
* \marginparwidth=95.0pt
* \marginparsep=10.0pt
* \columnsep=10.0pt
* \skip\footins=10.8pt plus 4.0pt minus 2.0pt
* \hoffset=0.0pt
* \voffset=0.0pt
* \mag=1000
* \@twocolumnfalse
* \@twosidetrue
* \@mparswitchtrue
* \@reversemarginfalse
* (1in=72.27pt=25.4mm, 1cm=28.453pt)


("C:\Users\602956\AppData\Local\Programs\MiKTeX 2.9\tex/context/base\supp-pdf.m
kii"
[Loading MPS to PDF converter (version 2006.09.02).]
\scratchcounter=\count144
\scratchdimen=\dimen156
\scratchbox=\box39
\nofMPsegments=\count145
\nofMParguments=\count146
\everyMPshowfont=\toks31
\MPscratchCnt=\count147
\MPscratchDim=\dimen157
\MPnumerator=\count148
\makeMPintoPDFobject=\count149
\everyMPtoPDFconversion=\toks32
)
("C:\Users\602956\AppData\Local\Programs\MiKTeX 2.9\tex/latex/oberdiek\epstopdf
-base.sty"
Package: epstopdf-base 2016/05/15 v2.6 Base part for package epstopdf

("C:\Users\602956\AppData\Local\Programs\MiKTeX 2.9\tex/latex/oberdiek\grfext.s
ty"
Package: grfext 2016/05/16 v1.2 Manage graphics extensions (HO)
)
Package epstopdf-base Info: Redefining graphics rule for `.eps' on input line 4
38.
Package grfext Info: Graphics extension search list:
(grfext)             [.pdf,.png,.jpg,.mps,.jpeg,.jbig2,.jb2,.PDF,.PNG,.JPG,.JPE
G,.JBIG2,.JB2,.eps]
(grfext)             \AppendGraphicsExtensions on input line 456.
)
("C:\Users\602956\AppData\Local\Programs\MiKTeX 2.9\tex/latex/apa6/config\APAam
erican.txt"
File: APAamerican.txt 2012/02/23 v1.25 apa6 configuration for American English
)
Package caption Info: Begin \AtBeginDocument code.
Package caption Info: float package is loaded.
Package caption Info: hyperref package is loaded.
Package caption Info: longtable package is loaded.

("C:\Users\602956\AppData\Local\Programs\MiKTeX 2.9\tex/latex/caption\ltcaption
.sty"
Package: ltcaption 2018/08/26 v1.4-95 longtable captions (AR)
)
Package caption Info: End \AtBeginDocument code.
LaTeX Info: Redefining \microtypecontext on input line 130.
Package microtype Info: Generating PDF output.
Package microtype Info: Character protrusion enabled (level 2).
Package microtype Info: Using protrusion set `basicmath'.
Package microtype Info: Automatic font expansion enabled (level 2),
(microtype)             stretch: 20, shrink: 20, step: 1, non-selected.
Package microtype Info: Using default expansion set `basictext'.
Package microtype Info: No adjustment of tracking.
Package microtype Info: No adjustment of interword spacing.
Package microtype Info: No adjustment of character kerning.

("C:\Users\602956\AppData\Local\Programs\MiKTeX 2.9\tex/latex/microtype\mt-cmr.
cfg"
File: mt-cmr.cfg 2013/05/19 v2.2 microtype config. file: Computer Modern Roman 
(RS)
)
\AtBeginShipoutBox=\box40

("C:\Users\602956\AppData\Local\Programs\MiKTeX 2.9\tex/latex/graphics\color.st
y"
Package: color 2016/07/10 v1.1e Standard LaTeX Color (DPC)

("C:\Users\602956\AppData\Local\Programs\MiKTeX 2.9\tex/latex/graphics-cfg\colo
r.cfg"
File: color.cfg 2016/01/02 v1.6 sample color configuration
)
Package color Info: Driver file: pdftex.def on input line 147.

("C:\Users\602956\AppData\Local\Programs\MiKTeX 2.9\tex/latex/graphics\dvipsnam
.def"
File: dvipsnam.def 2016/06/17 v3.0m Driver-dependent file (DPC,SPQR)
))
Package hyperref Info: Link coloring ON on input line 130.

("C:\Users\602956\AppData\Local\Programs\MiKTeX 2.9\tex/latex/hyperref\nameref.
sty"
Package: nameref 2016/05/21 v2.44 Cross-referencing by name of section

("C:\Users\602956\AppData\Local\Programs\MiKTeX 2.9\tex/generic/oberdiek\gettit
lestring.sty"
Package: gettitlestring 2016/05/16 v1.5 Cleanup title references (HO)
)
\c@section@level=\count150
)
LaTeX Info: Redefining \ref on input line 130.
LaTeX Info: Redefining \pageref on input line 130.
LaTeX Info: Redefining \nameref on input line 130.
(Thesis_MarcoBunt2019.out) (Thesis_MarcoBunt2019.out)
\@outlinefile=\write5
\openout5 = `Thesis_MarcoBunt2019.out'.

LaTeX Font Info:    Try loading font information for OT1+lmr on input line 132.

("C:\Users\602956\AppData\Local\Programs\MiKTeX 2.9\tex/latex/lm\ot1lmr.fd"
File: ot1lmr.fd 2009/10/30 v1.6 Font defs for Latin Modern
)
LaTeX Font Info:    Try loading font information for OML+lmm on input line 132.

("C:\Users\602956\AppData\Local\Programs\MiKTeX 2.9\tex/latex/lm\omllmm.fd"
File: omllmm.fd 2009/10/30 v1.6 Font defs for Latin Modern
)
LaTeX Font Info:    Try loading font information for OMS+lmsy on input line 132
.
("C:\Users\602956\AppData\Local\Programs\MiKTeX 2.9\tex/latex/lm\omslmsy.fd"
File: omslmsy.fd 2009/10/30 v1.6 Font defs for Latin Modern
)
LaTeX Font Info:    Try loading font information for OMX+lmex on input line 132
.
("C:\Users\602956\AppData\Local\Programs\MiKTeX 2.9\tex/latex/lm\omxlmex.fd"
File: omxlmex.fd 2009/10/30 v1.6 Font defs for Latin Modern
)
LaTeX Font Info:    External font `lmex10' loaded for size
(Font)              <12> on input line 132.
LaTeX Font Info:    External font `lmex10' loaded for size
(Font)              <8> on input line 132.
LaTeX Font Info:    External font `lmex10' loaded for size
(Font)              <6> on input line 132.
LaTeX Font Info:    Try loading font information for U+msa on input line 132.
("C:\Users\602956\AppData\Local\Programs\MiKTeX 2.9\tex/latex/amsfonts\umsa.fd"
File: umsa.fd 2013/01/14 v3.01 AMS symbols A
)
("C:\Users\602956\AppData\Local\Programs\MiKTeX 2.9\tex/latex/microtype\mt-msa.
cfg"
File: mt-msa.cfg 2006/02/04 v1.1 microtype config. file: AMS symbols (a) (RS)
)
LaTeX Font Info:    Try loading font information for U+msb on input line 132.
("C:\Users\602956\AppData\Local\Programs\MiKTeX 2.9\tex/latex/amsfonts\umsb.fd"
File: umsb.fd 2013/01/14 v3.01 AMS symbols B
)
("C:\Users\602956\AppData\Local\Programs\MiKTeX 2.9\tex/latex/microtype\mt-msb.
cfg"
File: mt-msb.cfg 2005/06/01 v1.0 microtype config. file: AMS symbols (b) (RS)
)
("C:\Users\602956\AppData\Local\Programs\MiKTeX 2.9\tex/latex/microtype\mt-eur.
cfg"
File: mt-eur.cfg 2006/07/31 v1.1 microtype config. file: AMS Euler Roman (RS)
) [1{C:/Users/602956/AppData/Local/MiKTeX/2.9/pdftex/config/pdftex.map}

] [2] [3] [4]
<C:/Users/602956/Desktop/Studie/Thesis/Sociology thesis/fig/ConceptueelModel.pn
g, id=109, 353.06906pt x 177.66376pt>
File: C:/Users/602956/Desktop/Studie/Thesis/Sociology thesis/fig/ConceptueelMod
el.png Graphic file (type png)
<use C:/Users/602956/Desktop/Studie/Thesis/Sociology thesis/fig/ConceptueelMode
l.png>
Package pdftex.def Info: C:/Users/602956/Desktop/Studie/Thesis/Sociology thesis
/fig/ConceptueelModel.png  used on input line 221.
(pdftex.def)             Requested size: 352.31934pt x 177.28648pt.
[5 <C:/Users/602956/Desktop/Studie/Thesis/Sociology thesis/fig/ConceptueelModel
.png>]
Underfull \vbox (badness 3954) has occurred while \output is active []

[6]
Underfull \vbox (badness 1028) has occurred while \output is active []

[7]
<C:/Users/602956/Desktop/Studie/Thesis/Sociology thesis/fig/imag_sus.png, id=12
7, 656.4525pt x 441.14813pt>
File: C:/Users/602956/Desktop/Studie/Thesis/Sociology thesis/fig/imag_sus.png G
raphic file (type png)
<use C:/Users/602956/Desktop/Studie/Thesis/Sociology thesis/fig/imag_sus.png>
Package pdftex.def Info: C:/Users/602956/Desktop/Studie/Thesis/Sociology thesis
/fig/imag_sus.png  used on input line 313.
(pdftex.def)             Requested size: 352.31548pt x 236.76247pt.
LaTeX Font Info:    External font `lmex10' loaded for size
(Font)              <9> on input line 328.
LaTeX Font Info:    External font `lmex10' loaded for size
(Font)              <5> on input line 328.
[8 <C:/Users/602956/Desktop/Studie/Thesis/Sociology thesis/fig/imag_sus.png>] [
9]
LaTeX Font Info:    External font `lmex10' loaded for size
(Font)              <10> on input line 428.
LaTeX Font Info:    External font `lmex10' loaded for size
(Font)              <7> on input line 428.
[10] [11] [12] [13]
Underfull \vbox (badness 1558) has occurred while \output is active []

[14]
Underfull \vbox (badness 2205) has occurred while \output is active []

[15] [16] [17] (Thesis_MarcoBunt2019.lof)
\tf@lof=\write6
\openout6 = `Thesis_MarcoBunt2019.lof'.

[18

] (Thesis_MarcoBunt2019.lot)
\tf@lot=\write7
\openout7 = `Thesis_MarcoBunt2019.lot'.

AED endfloat: Processing end Figures and Tables [19

]
Package atveryend Info: Empty hook `BeforeClearDocument' on input line 708.
Package atveryend Info: Empty hook `AfterLastShipout' on input line 708.
(Thesis_MarcoBunt2019.aux)
Package atveryend Info: Executing hook `AtVeryEndDocument' on input line 708.
Package atveryend Info: Executing hook `AtEndAfterFileList' on input line 708.
Package rerunfilecheck Info: File `Thesis_MarcoBunt2019.out' has not changed.
(rerunfilecheck)             Checksum: 2A5BCD3B2C310619D92C8E4DE6E2AAE3;3672.
 ) 
Here is how much of TeX's memory you used:
 15817 strings out of 492946
 239059 string characters out of 3125822
 357881 words of memory out of 3000000
 19285 multiletter control sequences out of 15000+200000
 88841 words of font info for 123 fonts, out of 3000000 for 9000
 1141 hyphenation exceptions out of 8191
 43i,11n,47p,895b,426s stack positions out of 5000i,500n,10000p,200000b,50000s
{C:/Users/602956/AppData/Local/Programs/MiKTeX 2.9/fonts/enc/dvips/lm/lm-ec.e
nc}<C:/Users/602956/AppData/Local/Programs/MiKTeX 2.9/fonts/type1/public/lm/lmb
x12.pfb><C:/Users/602956/AppData/Local/Programs/MiKTeX 2.9/fonts/type1/public/l
m/lmbx9.pfb><C:/Users/602956/AppData/Local/Programs/MiKTeX 2.9/fonts/type1/publ
ic/lm/lmr10.pfb><C:/Users/602956/AppData/Local/Programs/MiKTeX 2.9/fonts/type1/
public/lm/lmr12.pfb><C:/Users/602956/AppData/Local/Programs/MiKTeX 2.9/fonts/ty
pe1/public/lm/lmr7.pfb><C:/Users/602956/AppData/Local/Programs/MiKTeX 2.9/fonts
/type1/public/lm/lmr8.pfb><C:/Users/602956/AppData/Local/Programs/MiKTeX 2.9/fo
nts/type1/public/lm/lmr9.pfb><C:/Users/602956/AppData/Local/Programs/MiKTeX 2.9
/fonts/type1/public/lm/lmri12.pfb>
Output written on Thesis_MarcoBunt2019.pdf (19 pages, 290305 bytes).
PDF statistics:
 298 PDF objects out of 1000 (max. 8388607)
 79 named destinations out of 1000 (max. 500000)
 10419 words of extra memory for PDF output out of 12000 (max. 10000000)

